c:\users\user\documents\visual studio 2015\projects\candle3d\candle3d\debug\vc140.pdb
c:\users\user\documents\visual studio 2015\projects\candle3d\candle3d\debug\vc140.idb
c:\users\user\documents\visual studio 2015\projects\candle3d\candle3d\debug\vc141.pdb
c:\users\user\documents\visual studio 2015\projects\candle3d\candle3d\debug\inputmanager.obj
c:\users\user\documents\visual studio 2015\projects\candle3d\candle3d\debug\main.obj
c:\users\user\documents\visual studio 2015\projects\candle3d\candle3d\debug\maingame.obj
c:\users\user\documents\visual studio 2015\projects\candle3d\candle3d\debug\time.obj
c:\users\user\documents\visual studio 2015\projects\candle3d\candle3d\debug\vc141.idb
c:\users\user\documents\visual studio 2015\projects\candle3d\candle3d\debug\window.obj
c:\users\user\documents\visual studio 2015\projects\candle3d\candle3d\debug\shaderprogram.obj
c:\users\user\documents\visual studio 2015\projects\candle3d\candle3d\debug\staticshader.obj
c:\users\user\documents\visual studio 2015\projects\candle3d\candle3d\debug\loader.obj
c:\users\user\documents\visual studio 2015\projects\candle3d\candle3d\debug\picopng.obj
c:\users\user\documents\visual studio 2015\projects\candle3d\candle3d\debug\resourcemanager.obj
c:\users\user\documents\visual studio 2015\projects\candle3d\candle3d\debug\texturecache.obj
c:\users\user\documents\visual studio 2015\projects\candle3d\candle3d\debug\camera.obj
c:\users\user\documents\visual studio 2015\projects\candle3d\candle3d\debug\mesh.obj
c:\users\user\documents\visual studio 2015\projects\candle3d\candle3d\debug\model.obj
c:\users\user\documents\visual studio 2015\projects\candle3d\candle3d\debug\rendersystem.obj
c:\users\user\documents\visual studio 2015\projects\candle3d\candle3d\debug\gameobject.obj
c:\users\user\documents\visual studio 2015\projects\candle3d\candle3d\debug\gameobjectmanager.obj
c:\users\user\documents\visual studio 2015\projects\candle3d\candle3d\debug\box.obj
c:\users\user\documents\visual studio 2015\projects\candle3d\candle3d\debug\rigidbodycomponent.obj
c:\users\user\documents\visual studio 2015\projects\candle3d\debug\candle3d.ilk
c:\users\user\documents\visual studio 2015\projects\candle3d\debug\candle3d.exe
c:\users\user\documents\visual studio 2015\projects\candle3d\debug\candle3d.pdb
c:\users\user\documents\visual studio 2015\projects\candle3d\candle3d\debug\candle3d.tlog\cl.command.1.tlog
c:\users\user\documents\visual studio 2015\projects\candle3d\candle3d\debug\candle3d.tlog\cl.read.1.tlog
c:\users\user\documents\visual studio 2015\projects\candle3d\candle3d\debug\candle3d.tlog\cl.write.1.tlog
c:\users\user\documents\visual studio 2015\projects\candle3d\candle3d\debug\candle3d.tlog\link.command.1.tlog
c:\users\user\documents\visual studio 2015\projects\candle3d\candle3d\debug\candle3d.tlog\link.delete.1.tlog
c:\users\user\documents\visual studio 2015\projects\candle3d\candle3d\debug\candle3d.tlog\link.read.1.tlog
c:\users\user\documents\visual studio 2015\projects\candle3d\candle3d\debug\candle3d.tlog\link.write.1.tlog
